#
# There is insufficient memory for the Java Runtime Environment to continue.
# Native memory allocation (malloc) failed to allocate 560496 bytes for Chunk::new
# Possible reasons:
#   The system is out of physical RAM or swap space
#   The process is running with CompressedOops enabled, and the Java Heap may be blocking the growth of the native heap
# Possible solutions:
#   Reduce memory load on the system
#   Increase physical memory or swap space
#   Check if swap backing store is full
#   Decrease Java heap size (-Xmx/-Xms)
#   Decrease number of Java threads
#   Decrease Java thread stack sizes (-Xss)
#   Set larger code cache with -XX:ReservedCodeCacheSize=
#   JVM is running with Zero Based Compressed Oops mode in which the Java heap is
#     placed in the first 32GB address space. The Java Heap base address is the
#     maximum limit for the native heap growth. Please use -XX:HeapBaseMinAddress
#     to set the Java Heap base and to place the Java Heap above 32GB virtual address.
# This output file may be truncated or incomplete.
#
#  Out of Memory Error (arena.cpp:168), pid=30664, tid=30016
#
# JRE version: Java(TM) SE Runtime Environment (21.0.2+13) (build 21.0.2+13-LTS-58)
# Java VM: Java HotSpot(TM) 64-Bit Server VM (21.0.2+13-LTS-58, mixed mode, sharing, tiered, compressed oops, compressed class ptrs, g1 gc, windows-amd64)
# No core dump will be written. Minidumps are not enabled by default on client versions of Windows
#

---------------  S U M M A R Y ------------

Command Line: -javaagent:C:\Program Files\JetBrains\IntelliJ IDEA Community Edition 2025.2.4\lib\idea_rt.jar=61617 -Dfile.encoding=UTF-8 -Dsun.stdout.encoding=UTF-8 -Dsun.stderr.encoding=UTF-8 com.bank.transfer.TransferApplication

Host: 12th Gen Intel(R) Core(TM) i5-12400F, 12 cores, 15G,  Windows 11 , 64 bit Build 26100 (10.0.26100.7309)
Time: Thu Jan 15 17:20:06 2026 Hora oficial do Brasil elapsed time: 639.786001 seconds (0d 0h 10m 39s)

---------------  T H R E A D  ---------------

Current thread (0x0000017dbb3e7e70):  JavaThread "C2 CompilerThread0" daemon [_thread_in_native, id=30016, stack(0x0000004780400000,0x0000004780500000) (1024K)]


Current CompileTask:
C2: 639786 5855   !   4       org.apache.kafka.clients.NetworkClient::poll (207 bytes)

Stack: [0x0000004780400000,0x0000004780500000]
Native frames: (J=compiled Java code, j=interpreted, Vv=VM code, C=native code)
V  [jvm.dll+0x6cade9]
V  [jvm.dll+0x8569c1]
V  [jvm.dll+0x858d2e]
V  [jvm.dll+0x859413]
V  [jvm.dll+0x280e56]
V  [jvm.dll+0xc3f3d]
V  [jvm.dll+0xc4473]
V  [jvm.dll+0x2f437f]
V  [jvm.dll+0x5f5056]
V  [jvm.dll+0x252d7f]
V  [jvm.dll+0x24b589]
V  [jvm.dll+0x2490a3]
V  [jvm.dll+0x1c9634]
V  [jvm.dll+0x258859]
V  [jvm.dll+0x256e3a]
V  [jvm.dll+0x3ef6c6]
V  [jvm.dll+0x7ff568]
V  [jvm.dll+0x6c953d]
C  [ucrtbase.dll+0x37b0]
C  [KERNEL32.DLL+0x2e8d7]
C  [ntdll.dll+0x8c53c]


---------------  P R O C E S S  ---------------

Threads class SMR info:
_java_thread_list=0x0000017d84457cf0, length=30, elements={
0x0000017dbb3cfa50, 0x0000017dbb3d45d0, 0x0000017dbb3d5970, 0x0000017dbb3d8a10,
0x0000017dbb3d97d0, 0x0000017dbb3da230, 0x0000017dbb3e7e70, 0x0000017dfd0081c0,
0x0000017dbb39bbc0, 0x0000017dfd36c9e0, 0x0000017dfd36d050, 0x0000017dbb399550,
0x0000017dff87cd70, 0x0000017d8411d370, 0x0000017d8456c870, 0x0000017d84821e00,
0x0000017dfe148f30, 0x0000017dfe1495c0, 0x0000017dfe149c50, 0x0000017dfe14a2e0,
0x0000017dfe14a970, 0x0000017dfe14b000, 0x0000017dfe14b690, 0x0000017d84c7e140,
0x0000017d84c7ee60, 0x0000017d84c7dab0, 0x0000017d84c7c070, 0x0000017d84c7e7d0,
0x0000017d84c7f4f0, 0x0000017d84c7fb80
}

Java Threads: ( => current thread )
  0x0000017dbb3cfa50 JavaThread "Reference Handler"          daemon [_thread_blocked, id=4536, stack(0x00000047ffe00000,0x00000047fff00000) (1024K)]
  0x0000017dbb3d45d0 JavaThread "Finalizer"                  daemon [_thread_blocked, id=31468, stack(0x00000047fff00000,0x0000004800000000) (1024K)]
  0x0000017dbb3d5970 JavaThread "Signal Dispatcher"          daemon [_thread_blocked, id=29356, stack(0x0000004780000000,0x0000004780100000) (1024K)]
  0x0000017dbb3d8a10 JavaThread "Attach Listener"            daemon [_thread_blocked, id=1940, stack(0x0000004780100000,0x0000004780200000) (1024K)]
  0x0000017dbb3d97d0 JavaThread "Service Thread"             daemon [_thread_blocked, id=17848, stack(0x0000004780200000,0x0000004780300000) (1024K)]
  0x0000017dbb3da230 JavaThread "Monitor Deflation Thread"   daemon [_thread_blocked, id=26384, stack(0x0000004780300000,0x0000004780400000) (1024K)]
=>0x0000017dbb3e7e70 JavaThread "C2 CompilerThread0"         daemon [_thread_in_native, id=30016, stack(0x0000004780400000,0x0000004780500000) (1024K)]
  0x0000017dfd0081c0 JavaThread "C1 CompilerThread0"         daemon [_thread_blocked, id=16144, stack(0x0000004780500000,0x0000004780600000) (1024K)]
  0x0000017dbb39bbc0 JavaThread "Common-Cleaner"             daemon [_thread_blocked, id=27088, stack(0x0000004780600000,0x0000004780700000) (1024K)]
  0x0000017dfd36c9e0 JavaThread "Monitor Ctrl-Break"         daemon [_thread_in_native, id=29464, stack(0x0000004780800000,0x0000004780900000) (1024K)]
  0x0000017dfd36d050 JavaThread "Notification Thread"        daemon [_thread_blocked, id=21752, stack(0x0000004780900000,0x0000004780a00000) (1024K)]
  0x0000017dbb399550 JavaThread "Catalina-utility-1"                [_thread_blocked, id=31444, stack(0x0000004781600000,0x0000004781700000) (1024K)]
  0x0000017dff87cd70 JavaThread "Catalina-utility-2"                [_thread_blocked, id=30168, stack(0x0000004781700000,0x0000004781800000) (1024K)]
  0x0000017d8411d370 JavaThread "container-0"                       [_thread_blocked, id=27080, stack(0x0000004781800000,0x0000004781900000) (1024K)]
  0x0000017d8456c870 JavaThread "http-nio-8080-exec-1"       daemon [_thread_blocked, id=26964, stack(0x0000004781900000,0x0000004781a00000) (1024K)]
  0x0000017d84821e00 JavaThread "http-nio-8080-exec-2"       daemon [_thread_blocked, id=26928, stack(0x0000004781a00000,0x0000004781b00000) (1024K)]
  0x0000017dfe148f30 JavaThread "http-nio-8080-exec-3"       daemon [_thread_blocked, id=28848, stack(0x0000004781b00000,0x0000004781c00000) (1024K)]
  0x0000017dfe1495c0 JavaThread "http-nio-8080-exec-4"       daemon [_thread_blocked, id=31156, stack(0x0000004781c00000,0x0000004781d00000) (1024K)]
  0x0000017dfe149c50 JavaThread "http-nio-8080-exec-5"       daemon [_thread_blocked, id=616, stack(0x0000004781d00000,0x0000004781e00000) (1024K)]
  0x0000017dfe14a2e0 JavaThread "http-nio-8080-exec-6"       daemon [_thread_blocked, id=23788, stack(0x0000004781e00000,0x0000004781f00000) (1024K)]
  0x0000017dfe14a970 JavaThread "http-nio-8080-exec-7"       daemon [_thread_blocked, id=1512, stack(0x0000004781f00000,0x0000004782000000) (1024K)]
  0x0000017dfe14b000 JavaThread "http-nio-8080-exec-8"       daemon [_thread_blocked, id=8756, stack(0x0000004782000000,0x0000004782100000) (1024K)]
  0x0000017dfe14b690 JavaThread "http-nio-8080-exec-9"       daemon [_thread_blocked, id=27552, stack(0x0000004782100000,0x0000004782200000) (1024K)]
  0x0000017d84c7e140 JavaThread "http-nio-8080-exec-10"      daemon [_thread_blocked, id=23500, stack(0x0000004782200000,0x0000004782300000) (1024K)]
  0x0000017d84c7ee60 JavaThread "http-nio-8080-Poller"       daemon [_thread_in_native, id=13684, stack(0x0000004782300000,0x0000004782400000) (1024K)]
  0x0000017d84c7dab0 JavaThread "http-nio-8080-Acceptor"     daemon [_thread_in_native, id=30868, stack(0x0000004782400000,0x0000004782500000) (1024K)]
  0x0000017d84c7c070 JavaThread "ThreadPoolTaskScheduler-1"         [_thread_blocked, id=25200, stack(0x0000004782500000,0x0000004782600000) (1024K)]
  0x0000017d84c7e7d0 JavaThread "org.springframework.kafka.KafkaListenerEndpointContainer#0-0-C-1"        [_thread_in_native, id=24112, stack(0x0000004782600000,0x0000004782700000) (1024K)]
  0x0000017d84c7f4f0 JavaThread "DestroyJavaVM"                     [_thread_blocked, id=31392, stack(0x00000047ff600000,0x00000047ff700000) (1024K)]
  0x0000017d84c7fb80 JavaThread "kafka-coordinator-heartbeat-thread | payment-group" daemon [_thread_blocked, id=2924, stack(0x0000004782800000,0x0000004782900000) (1024K)]
Total: 30

Other Threads:
  0x0000017dbb3b3450 VMThread "VM Thread"                           [id=24236, stack(0x00000047ffd00000,0x00000047ffe00000) (1024K)]
  0x0000017dbb39af20 WatcherThread "VM Periodic Task Thread"        [id=19600, stack(0x00000047ffc00000,0x00000047ffd00000) (1024K)]
  0x0000017d9c735020 WorkerThread "GC Thread#0"                     [id=26908, stack(0x00000047ff700000,0x00000047ff800000) (1024K)]
  0x0000017dfdbf52c0 WorkerThread "GC Thread#1"                     [id=5820, stack(0x0000004780a00000,0x0000004780b00000) (1024K)]
  0x0000017dfdbf5660 WorkerThread "GC Thread#2"                     [id=28204, stack(0x0000004780b00000,0x0000004780c00000) (1024K)]
  0x0000017dfdbf5e00 WorkerThread "GC Thread#3"                     [id=30460, stack(0x0000004780c00000,0x0000004780d00000) (1024K)]
  0x0000017dfdbf61a0 WorkerThread "GC Thread#4"                     [id=13756, stack(0x0000004780d00000,0x0000004780e00000) (1024K)]
  0x0000017dfdbf6540 WorkerThread "GC Thread#5"                     [id=27072, stack(0x0000004780e00000,0x0000004780f00000) (1024K)]
  0x0000017dfe08f180 WorkerThread "GC Thread#6"                     [id=29976, stack(0x0000004781000000,0x0000004781100000) (1024K)]
  0x0000017dfe08f520 WorkerThread "GC Thread#7"                     [id=26836, stack(0x0000004781100000,0x0000004781200000) (1024K)]
  0x0000017dfe173780 WorkerThread "GC Thread#8"                     [id=13396, stack(0x0000004781200000,0x0000004781300000) (1024K)]
  0x0000017dfe165ec0 WorkerThread "GC Thread#9"                     [id=31048, stack(0x0000004781300000,0x0000004781400000) (1024K)]
  0x0000017d9c747410 ConcurrentGCThread "G1 Main Marker"            [id=11844, stack(0x00000047ff800000,0x00000047ff900000) (1024K)]
  0x0000017d9c7486b0 WorkerThread "G1 Conc#0"                       [id=29008, stack(0x00000047ff900000,0x00000047ffa00000) (1024K)]
  0x0000017dfe1669a0 WorkerThread "G1 Conc#1"                       [id=30068, stack(0x0000004780f00000,0x0000004781000000) (1024K)]
  0x0000017dfe166d40 WorkerThread "G1 Conc#2"                       [id=15460, stack(0x0000004781500000,0x0000004781600000) (1024K)]
  0x0000017d9c78eaf0 ConcurrentGCThread "G1 Refine#0"               [id=25548, stack(0x00000047ffa00000,0x00000047ffb00000) (1024K)]
  0x0000017dbb2665c0 ConcurrentGCThread "G1 Service"                [id=28712, stack(0x00000047ffb00000,0x00000047ffc00000) (1024K)]
Total: 18

Threads with active compile tasks:
C2 CompilerThread0   639810 5855   !   4       org.apache.kafka.clients.NetworkClient::poll (207 bytes)
Total: 1

VM state: not at safepoint (normal execution)

VM Mutex/Monitor currently owned by a thread: None

Heap address: 0x0000000702800000, size: 4056 MB, Compressed Oops mode: Zero based, Oop shift amount: 3

CDS archive(s) mapped at: [0x0000017dbc000000-0x0000017dbcc90000-0x0000017dbcc90000), size 13172736, SharedBaseAddress: 0x0000017dbc000000, ArchiveRelocationMode: 1.
Compressed class space mapped at: 0x0000017dbd000000-0x0000017dfd000000, reserved size: 1073741824
Narrow klass base: 0x0000017dbc000000, Narrow klass shift: 0, Narrow klass range: 0x100000000

GC Precious Log:
 CardTable entry size: 512
 Card Set container configuration: InlinePtr #cards 4 size 8 Array Of Cards #cards 16 size 48 Howl #buckets 8 coarsen threshold 3686 Howl Bitmap #cards 512 size 80 coarsen threshold 460 Card regions per heap region 1 cards per card region 4096
 CPUs: 12 total, 12 available
 Memory: 16223M
 Large Page Support: Disabled
 NUMA Support: Disabled
 Compressed Oops: Enabled (Zero based)
 Heap Region Size: 2M
 Heap Min Capacity: 8M
 Heap Initial Capacity: 254M
 Heap Max Capacity: 4056M
 Pre-touch: Disabled
 Parallel Workers: 10
 Concurrent Workers: 3
 Concurrent Refinement Workers: 10
 Periodic GC: Disabled

Heap:
 garbage-first heap   total 159744K, used 62527K [0x0000000702800000, 0x0000000800000000)
  region size 2048K, 25 young (51200K), 2 survivors (4096K)
 Metaspace       used 48160K, committed 48768K, reserved 1114112K
  class space    used 5840K, committed 6144K, reserved 1048576K

Heap Regions: E=young(eden), S=young(survivor), O=old, HS=humongous(starts), HC=humongous(continues), CS=collection set, F=free, TAMS=top-at-mark-start, PB=parsable bottom
|   0|0x0000000702800000, 0x0000000702a00000, 0x0000000702a00000|100%| O|  |TAMS 0x0000000702800000| PB 0x0000000702800000| Untracked 
|   1|0x0000000702a00000, 0x0000000702c00000, 0x0000000702c00000|100%| O|  |TAMS 0x0000000702a00000| PB 0x0000000702a00000| Untracked 
|   2|0x0000000702c00000, 0x0000000702e00000, 0x0000000702e00000|100%| O|  |TAMS 0x0000000702c00000| PB 0x0000000702c00000| Untracked 
|   3|0x0000000702e00000, 0x0000000703000000, 0x0000000703000000|100%| O|  |TAMS 0x0000000702e00000| PB 0x0000000702e00000| Untracked 
|   4|0x0000000703000000, 0x0000000703200000, 0x0000000703200000|100%| O|  |TAMS 0x0000000703000000| PB 0x0000000703000000| Untracked 
|   5|0x0000000703200000, 0x0000000703400000, 0x0000000703400000|100%| O|Cm|TAMS 0x0000000703200000| PB 0x0000000703200000| Complete 
|   6|0x0000000703400000, 0x0000000703600000, 0x0000000703600000|100%| O|  |TAMS 0x0000000703400000| PB 0x0000000703400000| Untracked 
|   7|0x0000000703600000, 0x0000000703800000, 0x0000000703800000|100%| O|  |TAMS 0x0000000703600000| PB 0x0000000703600000| Untracked 
|   8|0x0000000703800000, 0x0000000703876050, 0x0000000703a00000| 23%| O|  |TAMS 0x0000000703800000| PB 0x0000000703800000| Untracked 
|   9|0x0000000703a00000, 0x0000000703a00000, 0x0000000703c00000|  0%| F|  |TAMS 0x0000000703a00000| PB 0x0000000703a00000| Untracked 
|  10|0x0000000703c00000, 0x0000000703c00000, 0x0000000703e00000|  0%| F|  |TAMS 0x0000000703c00000| PB 0x0000000703c00000| Untracked 
|  11|0x0000000703e00000, 0x0000000703e00000, 0x0000000704000000|  0%| F|  |TAMS 0x0000000703e00000| PB 0x0000000703e00000| Untracked 
|  12|0x0000000704000000, 0x0000000704099c98, 0x0000000704200000| 30%| S|CS|TAMS 0x0000000704000000| PB 0x0000000704000000| Complete 
|  13|0x0000000704200000, 0x0000000704400000, 0x0000000704400000|100%| S|CS|TAMS 0x0000000704200000| PB 0x0000000704200000| Complete 
|  14|0x0000000704400000, 0x0000000704400000, 0x0000000704600000|  0%| F|  |TAMS 0x0000000704400000| PB 0x0000000704400000| Untracked 
|  15|0x0000000704600000, 0x0000000704600000, 0x0000000704800000|  0%| F|  |TAMS 0x0000000704600000| PB 0x0000000704600000| Untracked 
|  16|0x0000000704800000, 0x0000000704800000, 0x0000000704a00000|  0%| F|  |TAMS 0x0000000704800000| PB 0x0000000704800000| Untracked 
|  17|0x0000000704a00000, 0x0000000704a00000, 0x0000000704c00000|  0%| F|  |TAMS 0x0000000704a00000| PB 0x0000000704a00000| Untracked 
|  18|0x0000000704c00000, 0x0000000704c00000, 0x0000000704e00000|  0%| F|  |TAMS 0x0000000704c00000| PB 0x0000000704c00000| Untracked 
|  19|0x0000000704e00000, 0x0000000704e00000, 0x0000000705000000|  0%| F|  |TAMS 0x0000000704e00000| PB 0x0000000704e00000| Untracked 
|  20|0x0000000705000000, 0x0000000705000000, 0x0000000705200000|  0%| F|  |TAMS 0x0000000705000000| PB 0x0000000705000000| Untracked 
|  21|0x0000000705200000, 0x0000000705200000, 0x0000000705400000|  0%| F|  |TAMS 0x0000000705200000| PB 0x0000000705200000| Untracked 
|  22|0x0000000705400000, 0x0000000705400000, 0x0000000705600000|  0%| F|  |TAMS 0x0000000705400000| PB 0x0000000705400000| Untracked 
|  23|0x0000000705600000, 0x0000000705600000, 0x0000000705800000|  0%| F|  |TAMS 0x0000000705600000| PB 0x0000000705600000| Untracked 
|  24|0x0000000705800000, 0x0000000705800000, 0x0000000705a00000|  0%| F|  |TAMS 0x0000000705800000| PB 0x0000000705800000| Untracked 
|  25|0x0000000705a00000, 0x0000000705a00000, 0x0000000705c00000|  0%| F|  |TAMS 0x0000000705a00000| PB 0x0000000705a00000| Untracked 
|  26|0x0000000705c00000, 0x0000000705c00000, 0x0000000705e00000|  0%| F|  |TAMS 0x0000000705c00000| PB 0x0000000705c00000| Untracked 
|  27|0x0000000705e00000, 0x0000000705e00000, 0x0000000706000000|  0%| F|  |TAMS 0x0000000705e00000| PB 0x0000000705e00000| Untracked 
|  28|0x0000000706000000, 0x0000000706000000, 0x0000000706200000|  0%| F|  |TAMS 0x0000000706000000| PB 0x0000000706000000| Untracked 
|  29|0x0000000706200000, 0x0000000706200000, 0x0000000706400000|  0%| F|  |TAMS 0x0000000706200000| PB 0x0000000706200000| Untracked 
|  30|0x0000000706400000, 0x0000000706400000, 0x0000000706600000|  0%| F|  |TAMS 0x0000000706400000| PB 0x0000000706400000| Untracked 
|  31|0x0000000706600000, 0x0000000706600000, 0x0000000706800000|  0%| F|  |TAMS 0x0000000706600000| PB 0x0000000706600000| Untracked 
|  32|0x0000000706800000, 0x0000000706800000, 0x0000000706a00000|  0%| F|  |TAMS 0x0000000706800000| PB 0x0000000706800000| Untracked 
|  33|0x0000000706a00000, 0x0000000706a00000, 0x0000000706c00000|  0%| F|  |TAMS 0x0000000706a00000| PB 0x0000000706a00000| Untracked 
|  34|0x0000000706c00000, 0x0000000706c00000, 0x0000000706e00000|  0%| F|  |TAMS 0x0000000706c00000| PB 0x0000000706c00000| Untracked 
|  35|0x0000000706e00000, 0x0000000706e00000, 0x0000000707000000|  0%| F|  |TAMS 0x0000000706e00000| PB 0x0000000706e00000| Untracked 
|  36|0x0000000707000000, 0x0000000707000000, 0x0000000707200000|  0%| F|  |TAMS 0x0000000707000000| PB 0x0000000707000000| Untracked 
|  37|0x0000000707200000, 0x0000000707200000, 0x0000000707400000|  0%| F|  |TAMS 0x0000000707200000| PB 0x0000000707200000| Untracked 
|  38|0x0000000707400000, 0x0000000707400000, 0x0000000707600000|  0%| F|  |TAMS 0x0000000707400000| PB 0x0000000707400000| Untracked 
|  39|0x0000000707600000, 0x0000000707600000, 0x0000000707800000|  0%| F|  |TAMS 0x0000000707600000| PB 0x0000000707600000| Untracked 
|  40|0x0000000707800000, 0x0000000707800000, 0x0000000707a00000|  0%| F|  |TAMS 0x0000000707800000| PB 0x0000000707800000| Untracked 
|  41|0x0000000707a00000, 0x0000000707a00000, 0x0000000707c00000|  0%| F|  |TAMS 0x0000000707a00000| PB 0x0000000707a00000| Untracked 
|  42|0x0000000707c00000, 0x0000000707c00000, 0x0000000707e00000|  0%| F|  |TAMS 0x0000000707c00000| PB 0x0000000707c00000| Untracked 
|  43|0x0000000707e00000, 0x0000000707e00000, 0x0000000708000000|  0%| F|  |TAMS 0x0000000707e00000| PB 0x0000000707e00000| Untracked 
|  44|0x0000000708000000, 0x0000000708000000, 0x0000000708200000|  0%| F|  |TAMS 0x0000000708000000| PB 0x0000000708000000| Untracked 
|  45|0x0000000708200000, 0x0000000708200000, 0x0000000708400000|  0%| F|  |TAMS 0x0000000708200000| PB 0x0000000708200000| Untracked 
|  46|0x0000000708400000, 0x0000000708400000, 0x0000000708600000|  0%| F|  |TAMS 0x0000000708400000| PB 0x0000000708400000| Untracked 
|  47|0x0000000708600000, 0x0000000708600000, 0x0000000708800000|  0%| F|  |TAMS 0x0000000708600000| PB 0x0000000708600000| Untracked 
|  48|0x0000000708800000, 0x0000000708800000, 0x0000000708a00000|  0%| F|  |TAMS 0x0000000708800000| PB 0x0000000708800000| Untracked 
|  49|0x0000000708a00000, 0x0000000708a00000, 0x0000000708c00000|  0%| F|  |TAMS 0x0000000708a00000| PB 0x0000000708a00000| Untracked 
|  50|0x0000000708c00000, 0x0000000708c00000, 0x0000000708e00000|  0%| F|  |TAMS 0x0000000708c00000| PB 0x0000000708c00000| Untracked 
|  51|0x0000000708e00000, 0x0000000708e00000, 0x0000000709000000|  0%| F|  |TAMS 0x0000000708e00000| PB 0x0000000708e00000| Untracked 
|  52|0x0000000709000000, 0x0000000709000000, 0x0000000709200000|  0%| F|  |TAMS 0x0000000709000000| PB 0x0000000709000000| Untracked 
|  53|0x0000000709200000, 0x0000000709200000, 0x0000000709400000|  0%| F|  |TAMS 0x0000000709200000| PB 0x0000000709200000| Untracked 
|  54|0x0000000709400000, 0x0000000709400000, 0x0000000709600000|  0%| F|  |TAMS 0x0000000709400000| PB 0x0000000709400000| Untracked 
|  55|0x0000000709600000, 0x0000000709762a48, 0x0000000709800000| 69%| E|  |TAMS 0x0000000709600000| PB 0x0000000709600000| Complete 
|  56|0x0000000709800000, 0x0000000709a00000, 0x0000000709a00000|100%| E|CS|TAMS 0x0000000709800000| PB 0x0000000709800000| Complete 
|  57|0x0000000709a00000, 0x0000000709c00000, 0x0000000709c00000|100%| E|CS|TAMS 0x0000000709a00000| PB 0x0000000709a00000| Complete 
|  58|0x0000000709c00000, 0x0000000709e00000, 0x0000000709e00000|100%| E|CS|TAMS 0x0000000709c00000| PB 0x0000000709c00000| Complete 
|  59|0x0000000709e00000, 0x000000070a000000, 0x000000070a000000|100%| E|CS|TAMS 0x0000000709e00000| PB 0x0000000709e00000| Complete 
|  60|0x000000070a000000, 0x000000070a200000, 0x000000070a200000|100%| E|  |TAMS 0x000000070a000000| PB 0x000000070a000000| Complete 
|  61|0x000000070a200000, 0x000000070a400000, 0x000000070a400000|100%| E|CS|TAMS 0x000000070a200000| PB 0x000000070a200000| Complete 
|  62|0x000000070a400000, 0x000000070a600000, 0x000000070a600000|100%| E|CS|TAMS 0x000000070a400000| PB 0x000000070a400000| Complete 
|  63|0x000000070a600000, 0x000000070a800000, 0x000000070a800000|100%| E|CS|TAMS 0x000000070a600000| PB 0x000000070a600000| Complete 
|  64|0x000000070a800000, 0x000000070aa00000, 0x000000070aa00000|100%| E|CS|TAMS 0x000000070a800000| PB 0x000000070a800000| Complete 
|  65|0x000000070aa00000, 0x000000070ac00000, 0x000000070ac00000|100%| E|CS|TAMS 0x000000070aa00000| PB 0x000000070aa00000| Complete 
|  66|0x000000070ac00000, 0x000000070ae00000, 0x000000070ae00000|100%| E|CS|TAMS 0x000000070ac00000| PB 0x000000070ac00000| Complete 
|  67|0x000000070ae00000, 0x000000070b000000, 0x000000070b000000|100%| E|CS|TAMS 0x000000070ae00000| PB 0x000000070ae00000| Complete 
|  68|0x000000070b000000, 0x000000070b200000, 0x000000070b200000|100%| E|CS|TAMS 0x000000070b000000| PB 0x000000070b000000| Complete 
|  69|0x000000070b200000, 0x000000070b400000, 0x000000070b400000|100%| E|CS|TAMS 0x000000070b200000| PB 0x000000070b200000| Complete 
|  70|0x000000070b400000, 0x000000070b600000, 0x000000070b600000|100%| E|CS|TAMS 0x000000070b400000| PB 0x000000070b400000| Complete 
|  71|0x000000070b600000, 0x000000070b800000, 0x000000070b800000|100%| E|CS|TAMS 0x000000070b600000| PB 0x000000070b600000| Complete 
|  72|0x000000070b800000, 0x000000070ba00000, 0x000000070ba00000|100%| E|CS|TAMS 0x000000070b800000| PB 0x000000070b800000| Complete 
|  73|0x000000070ba00000, 0x000000070bc00000, 0x000000070bc00000|100%| E|CS|TAMS 0x000000070ba00000| PB 0x000000070ba00000| Complete 
| 105|0x000000070fa00000, 0x000000070fc00000, 0x000000070fc00000|100%| E|CS|TAMS 0x000000070fa00000| PB 0x000000070fa00000| Complete 
| 106|0x000000070fc00000, 0x000000070fe00000, 0x000000070fe00000|100%| E|CS|TAMS 0x000000070fc00000| PB 0x000000070fc00000| Complete 
| 107|0x000000070fe00000, 0x0000000710000000, 0x0000000710000000|100%| E|CS|TAMS 0x000000070fe00000| PB 0x000000070fe00000| Complete 
| 126|0x0000000712400000, 0x0000000712600000, 0x0000000712600000|100%| E|CS|TAMS 0x0000000712400000| PB 0x0000000712400000| Complete 

Card table byte_map: [0x0000017db4870000,0x0000017db5060000] _byte_map_base: 0x0000017db105c000

Marking Bits: (CMBitMap*) 0x0000017d9c735f30
 Bits: [0x0000017db5060000, 0x0000017db8fc0000)

Polling page: 0x0000017d9a670000

Metaspace:

Usage:
  Non-class:     41.33 MB used.
      Class:      5.70 MB used.
       Both:     47.03 MB used.

Virtual space:
  Non-class space:       64.00 MB reserved,      41.62 MB ( 65%) committed,  1 nodes.
      Class space:        1.00 GB reserved,       6.00 MB ( <1%) committed,  1 nodes.
             Both:        1.06 GB reserved,      47.62 MB (  4%) committed. 

Chunk freelists:
   Non-Class:  6.00 MB
       Class:  10.05 MB
        Both:  16.05 MB

MaxMetaspaceSize: unlimited
CompressedClassSpaceSize: 1.00 GB
Initial GC threshold: 21.00 MB
Current GC threshold: 59.00 MB
CDS: on
 - commit_granule_bytes: 65536.
 - commit_granule_words: 8192.
 - virtual_space_node_default_size: 8388608.
 - enlarge_chunks_in_place: 1.
 - use_allocation_guard: 0.


Internal statistics:

num_allocs_failed_limit: 6.
num_arena_births: 878.
num_arena_deaths: 0.
num_vsnodes_births: 2.
num_vsnodes_deaths: 0.
num_space_committed: 762.
num_space_uncommitted: 0.
num_chunks_returned_to_freelist: 6.
num_chunks_taken_from_freelist: 2570.
num_chunk_merges: 6.
num_chunk_splits: 1813.
num_chunks_enlarged: 1363.
num_inconsistent_stats: 0.

CodeHeap 'non-profiled nmethods': size=120000Kb used=3637Kb max_used=3637Kb free=116362Kb
 bounds [0x0000017dac600000, 0x0000017dac990000, 0x0000017db3b30000]
CodeHeap 'profiled nmethods': size=120000Kb used=10938Kb max_used=10938Kb free=109061Kb
 bounds [0x0000017da4b30000, 0x0000017da55e0000, 0x0000017dac060000]
CodeHeap 'non-nmethods': size=5760Kb used=1604Kb max_used=1655Kb free=4155Kb
 bounds [0x0000017dac060000, 0x0000017dac2d0000, 0x0000017dac600000]
 total_blobs=6137 nmethods=5477 adapters=564
 compilation: enabled
              stopped_count=0, restarted_count=0
 full_count=0

Compilation events (20 events):
Event: 632.898 Thread 0x0000017dfd0081c0 nmethod 5845 0x0000017da55dca90 code [0x0000017da55dccc0, 0x0000017da55dd400]
Event: 633.219 Thread 0x0000017dbb3e7e70 5847   !   4       org.apache.kafka.clients.consumer.internals.ConsumerNetworkClient$UnsentRequests::clean (70 bytes)
Event: 633.230 Thread 0x0000017dbb3e7e70 nmethod 5847 0x0000017dac988f90 code [0x0000017dac9891c0, 0x0000017dac989e80]
Event: 633.230 Thread 0x0000017dbb3e7e70 5846       4       org.apache.kafka.clients.consumer.internals.ConsumerNetworkClient::failExpiredRequests (95 bytes)
Event: 633.231 Thread 0x0000017dbb3e7e70 nmethod 5846 0x0000017dac98a510 code [0x0000017dac98a6c0, 0x0000017dac98a800]
Event: 633.231 Thread 0x0000017dbb3e7e70 5848       4       org.apache.kafka.clients.NetworkClient::handleTimedOutConnections (90 bytes)
Event: 633.260 Thread 0x0000017dbb3e7e70 nmethod 5848 0x0000017dac98a990 code [0x0000017dac98ac20, 0x0000017dac98ba70]
Event: 633.260 Thread 0x0000017dbb3e7e70 5849       4       org.apache.kafka.clients.NetworkClient::handleTimedOutRequests (78 bytes)
Event: 633.261 Thread 0x0000017dbb3e7e70 nmethod 5849 0x0000017dac98c990 code [0x0000017dac98cb40, 0x0000017dac98ccb0]
Event: 638.246 Thread 0x0000017dbb3e7e70 5850       4       org.apache.kafka.clients.consumer.internals.Heartbeat::shouldHeartbeat (13 bytes)
Event: 638.247 Thread 0x0000017dbb3e7e70 nmethod 5850 0x0000017dac98ce90 code [0x0000017dac98d020, 0x0000017dac98d148]
Event: 639.318 Thread 0x0000017dfd0081c0 5851       3       org.springframework.core.log.LogAccessor::debug (26 bytes)
Event: 639.318 Thread 0x0000017dfd0081c0 nmethod 5851 0x0000017da55dd710 code [0x0000017da55dd920, 0x0000017da55ddfd0]
Event: 639.318 Thread 0x0000017dfd0081c0 5852       3       org.apache.kafka.clients.consumer.internals.LegacyKafkaConsumer::release (21 bytes)
Event: 639.319 Thread 0x0000017dfd0081c0 nmethod 5852 0x0000017da55de210 code [0x0000017da55de3e0, 0x0000017da55de5b8]
Event: 639.319 Thread 0x0000017dfd0081c0 5853       3       java.util.concurrent.LinkedBlockingQueue::size (8 bytes)
Event: 639.319 Thread 0x0000017dfd0081c0 nmethod 5853 0x0000017da55de710 code [0x0000017da55de8a0, 0x0000017da55de9d0]
Event: 639.319 Thread 0x0000017dfd0081c0 5854       1       org.apache.kafka.clients.consumer.internals.SubscriptionState$TopicPartitionState::isPaused (5 bytes)
Event: 639.319 Thread 0x0000017dfd0081c0 nmethod 5854 0x0000017dac98d290 code [0x0000017dac98d420, 0x0000017dac98d4f0]
Event: 639.753 Thread 0x0000017dbb3e7e70 5855   !   4       org.apache.kafka.clients.NetworkClient::poll (207 bytes)

GC Heap History (14 events):
Event: 0.680 GC heap before
{Heap before GC invocations=0 (full 0):
 garbage-first heap   total 260096K, used 22528K [0x0000000702800000, 0x0000000800000000)
  region size 2048K, 11 young (22528K), 0 survivors (0K)
 Metaspace       used 6571K, committed 6784K, reserved 1114112K
  class space    used 761K, committed 896K, reserved 1048576K
}
Event: 0.684 GC heap after
{Heap after GC invocations=1 (full 0):
 garbage-first heap   total 260096K, used 5236K [0x0000000702800000, 0x0000000800000000)
  region size 2048K, 2 young (4096K), 2 survivors (4096K)
 Metaspace       used 6571K, committed 6784K, reserved 1114112K
  class space    used 761K, committed 896K, reserved 1048576K
}
Event: 1.173 GC heap before
{Heap before GC invocations=1 (full 0):
 garbage-first heap   total 260096K, used 33908K [0x0000000702800000, 0x0000000800000000)
  region size 2048K, 17 young (34816K), 2 survivors (4096K)
 Metaspace       used 14853K, committed 15104K, reserved 1114112K
  class space    used 1946K, committed 2048K, reserved 1048576K
}
Event: 1.179 GC heap after
{Heap after GC invocations=2 (full 0):
 garbage-first heap   total 260096K, used 7735K [0x0000000702800000, 0x0000000800000000)
  region size 2048K, 2 young (4096K), 2 survivors (4096K)
 Metaspace       used 14853K, committed 15104K, reserved 1114112K
  class space    used 1946K, committed 2048K, reserved 1048576K
}
Event: 1.598 GC heap before
{Heap before GC invocations=2 (full 0):
 garbage-first heap   total 260096K, used 40503K [0x0000000702800000, 0x0000000800000000)
  region size 2048K, 19 young (38912K), 2 survivors (4096K)
 Metaspace       used 21270K, committed 21504K, reserved 1114112K
  class space    used 2690K, committed 2816K, reserved 1048576K
}
Event: 1.602 GC heap after
{Heap after GC invocations=3 (full 0):
 garbage-first heap   total 260096K, used 11136K [0x0000000702800000, 0x0000000800000000)
  region size 2048K, 3 young (6144K), 3 survivors (6144K)
 Metaspace       used 21270K, committed 21504K, reserved 1114112K
  class space    used 2690K, committed 2816K, reserved 1048576K
}
Event: 2.418 GC heap before
{Heap before GC invocations=4 (full 0):
 garbage-first heap   total 49152K, used 48000K [0x0000000702800000, 0x0000000800000000)
  region size 2048K, 21 young (43008K), 3 survivors (6144K)
 Metaspace       used 29350K, committed 29760K, reserved 1114112K
  class space    used 3715K, committed 3904K, reserved 1048576K
}
Event: 2.424 GC heap after
{Heap after GC invocations=5 (full 0):
 garbage-first heap   total 59392K, used 14268K [0x0000000702800000, 0x0000000800000000)
  region size 2048K, 5 young (10240K), 5 survivors (10240K)
 Metaspace       used 29350K, committed 29760K, reserved 1114112K
  class space    used 3715K, committed 3904K, reserved 1048576K
}
Event: 2.912 GC heap before
{Heap before GC invocations=5 (full 0):
 garbage-first heap   total 59392K, used 38844K [0x0000000702800000, 0x0000000800000000)
  region size 2048K, 17 young (34816K), 5 survivors (10240K)
 Metaspace       used 33071K, committed 33664K, reserved 1114112K
  class space    used 4252K, committed 4544K, reserved 1048576K
}
Event: 2.918 GC heap after
{Heap after GC invocations=6 (full 0):
 garbage-first heap   total 59392K, used 17560K [0x0000000702800000, 0x0000000800000000)
  region size 2048K, 2 young (4096K), 2 survivors (4096K)
 Metaspace       used 33071K, committed 33664K, reserved 1114112K
  class space    used 4252K, committed 4544K, reserved 1048576K
}
Event: 3.127 GC heap before
{Heap before GC invocations=6 (full 0):
 garbage-first heap   total 59392K, used 27800K [0x0000000702800000, 0x0000000800000000)
  region size 2048K, 8 young (16384K), 2 survivors (4096K)
 Metaspace       used 35431K, committed 35968K, reserved 1114112K
  class space    used 4549K, committed 4800K, reserved 1048576K
}
Event: 3.130 GC heap after
{Heap after GC invocations=7 (full 0):
 garbage-first heap   total 59392K, used 17924K [0x0000000702800000, 0x0000000800000000)
  region size 2048K, 1 young (2048K), 1 survivors (2048K)
 Metaspace       used 35431K, committed 35968K, reserved 1114112K
  class space    used 4549K, committed 4800K, reserved 1048576K
}
Event: 3.677 GC heap before
{Heap before GC invocations=8 (full 0):
 garbage-first heap   total 59392K, used 44548K [0x0000000702800000, 0x0000000800000000)
  region size 2048K, 15 young (30720K), 1 survivors (2048K)
 Metaspace       used 43874K, committed 44544K, reserved 1114112K
  class space    used 5278K, committed 5568K, reserved 1048576K
}
Event: 3.680 GC heap after
{Heap after GC invocations=9 (full 0):
 garbage-first heap   total 159744K, used 19519K [0x0000000702800000, 0x0000000800000000)
  region size 2048K, 2 young (4096K), 2 survivors (4096K)
 Metaspace       used 43874K, committed 44544K, reserved 1114112K
  class space    used 5278K, committed 5568K, reserved 1048576K
}

Dll operation events (12 events):
Event: 0.009 Loaded shared library C:\Program Files\Java\jdk-21\bin\java.dll
Event: 0.053 Loaded shared library C:\Program Files\Java\jdk-21\bin\jsvml.dll
Event: 0.115 Loaded shared library C:\Program Files\Java\jdk-21\bin\zip.dll
Event: 0.118 Loaded shared library C:\Program Files\Java\jdk-21\bin\instrument.dll
Event: 0.122 Loaded shared library C:\Program Files\Java\jdk-21\bin\net.dll
Event: 0.124 Loaded shared library C:\Program Files\Java\jdk-21\bin\nio.dll
Event: 0.127 Loaded shared library C:\Program Files\Java\jdk-21\bin\zip.dll
Event: 0.208 Loaded shared library C:\Program Files\Java\jdk-21\bin\extnet.dll
Event: 0.240 Loaded shared library C:\Program Files\Java\jdk-21\bin\jimage.dll
Event: 1.535 Loaded shared library C:\Program Files\Java\jdk-21\bin\sunmscapi.dll
Event: 2.359 Loaded shared library C:\Program Files\Java\jdk-21\bin\management.dll
Event: 2.361 Loaded shared library C:\Program Files\Java\jdk-21\bin\management_ext.dll

Deoptimization events (20 events):
Event: 543.977 Thread 0x0000017d84c7e7d0 Uncommon trap: trap_request=0xffffff45 fr.pc=0x0000017dac94b540 relative=0x0000000000000d00
Event: 543.977 Thread 0x0000017d84c7e7d0 Uncommon trap: reason=unstable_if action=reinterpret pc=0x0000017dac94b540 method=sun.nio.ch.WEPollSelectorImpl.processUpdateQueue()V @ 117 c2
Event: 543.977 Thread 0x0000017d84c7e7d0 DEOPT PACKING pc=0x0000017dac94b540 sp=0x00000047826fea90
Event: 543.977 Thread 0x0000017d84c7e7d0 DEOPT UNPACKING pc=0x0000017dac0b46a2 sp=0x00000047826fea60 mode 2
Event: 548.501 Thread 0x0000017d84c7e7d0 Uncommon trap: trap_request=0xffffffdc fr.pc=0x0000017dac96aa9c relative=0x000000000000025c
Event: 548.501 Thread 0x0000017d84c7e7d0 Uncommon trap: reason=class_check action=make_not_entrant pc=0x0000017dac96aa9c method=java.util.ArrayList.toArray([Ljava/lang/Object;)[Ljava/lang/Object; @ 21 c2
Event: 548.501 Thread 0x0000017d84c7e7d0 DEOPT PACKING pc=0x0000017dac96aa9c sp=0x00000047826feaf0
Event: 548.501 Thread 0x0000017d84c7e7d0 DEOPT UNPACKING pc=0x0000017dac0b46a2 sp=0x00000047826feaa0 mode 2
Event: 603.830 Thread 0x0000017d84c7fb80 Uncommon trap: trap_request=0xffffff45 fr.pc=0x0000017dac96df4c relative=0x0000000000001eac
Event: 603.830 Thread 0x0000017d84c7fb80 Uncommon trap: reason=unstable_if action=reinterpret pc=0x0000017dac96df4c method=sun.nio.ch.SocketChannelImpl.translateInterestOps(I)I @ 30 c2
Event: 603.830 Thread 0x0000017d84c7fb80 DEOPT PACKING pc=0x0000017dac96df4c sp=0x00000047828fef60
Event: 603.830 Thread 0x0000017d84c7fb80 DEOPT UNPACKING pc=0x0000017dac0b46a2 sp=0x00000047828fed50 mode 2
Event: 603.830 Thread 0x0000017d84c7fb80 Uncommon trap: trap_request=0xffffff45 fr.pc=0x0000017dac94d46c relative=0x0000000000000c0c
Event: 603.831 Thread 0x0000017d84c7fb80 Uncommon trap: reason=unstable_if action=reinterpret pc=0x0000017dac94d46c method=sun.nio.ch.SocketChannelImpl.isConnected()Z @ 5 c2
Event: 603.831 Thread 0x0000017d84c7fb80 DEOPT PACKING pc=0x0000017dac94d46c sp=0x00000047828fee60
Event: 603.831 Thread 0x0000017d84c7fb80 DEOPT UNPACKING pc=0x0000017dac0b46a2 sp=0x00000047828febc0 mode 2
Event: 603.831 Thread 0x0000017d84c7fb80 Uncommon trap: trap_request=0xffffff45 fr.pc=0x0000017dac97b6a8 relative=0x0000000000004d48
Event: 603.831 Thread 0x0000017d84c7fb80 Uncommon trap: reason=unstable_if action=reinterpret pc=0x0000017dac97b6a8 method=java.nio.channels.SelectionKey.isConnectable()Z @ 7 c2
Event: 603.831 Thread 0x0000017d84c7fb80 DEOPT PACKING pc=0x0000017dac97b6a8 sp=0x00000047828fef40
Event: 603.831 Thread 0x0000017d84c7fb80 DEOPT UNPACKING pc=0x0000017dac0b46a2 sp=0x00000047828fef28 mode 2

Classes loaded (20 events):
Event: 481.981 Loading class java/util/function/IntBinaryOperator
Event: 481.981 Loading class java/util/function/IntBinaryOperator done
Event: 481.981 Loading class java/util/stream/ReduceOps$7
Event: 481.982 Loading class java/util/stream/ReduceOps$7 done
Event: 481.982 Loading class java/util/stream/ReduceOps$6ReducingSink
Event: 481.982 Loading class java/util/stream/ReduceOps$6ReducingSink done
Event: 481.982 Loading class java/util/stream/ReferencePipeline$4$1
Event: 481.982 Loading class java/util/stream/ReferencePipeline$4$1 done
Event: 482.016 Loading class java/util/AbstractMap$SimpleEntry
Event: 482.016 Loading class java/util/AbstractMap$SimpleEntry done
Event: 482.035 Loading class java/util/stream/LongStream
Event: 482.036 Loading class java/util/stream/LongStream done
Event: 482.036 Loading class java/util/stream/DoubleStream
Event: 482.036 Loading class java/util/stream/DoubleStream done
Event: 482.043 Loading class java/io/ObjectOutputStream
Event: 482.043 Loading class java/io/ObjectOutput
Event: 482.043 Loading class java/io/ObjectOutput done
Event: 482.043 Loading class java/io/ObjectOutputStream done
Event: 543.974 Loading class java/util/ArrayDeque$DescendingIterator
Event: 543.974 Loading class java/util/ArrayDeque$DescendingIterator done

Classes unloaded (0 events):
No events

Classes redefined (0 events):
No events

Internal exceptions (20 events):
Event: 2.960 Thread 0x0000017d9c6c9890 Exception <a 'java/lang/NoSuchMethodError'{0x000000070fe6a9b8}: 'long java.lang.invoke.DelegatingMethodHandle$Holder.reinvoke_L(java.lang.Object, java.lang.Object)'> (0x000000070fe6a9b8) 
thrown [s\open\src\hotspot\share\interpreter\linkResolver.cpp, line 773]
Event: 2.960 Thread 0x0000017d9c6c9890 Exception <a 'java/lang/NoSuchMethodError'{0x000000070fe747d0}: 'long java.lang.invoke.DirectMethodHandle$Holder.invokeStatic(java.lang.Object, java.lang.Object, int)'> (0x000000070fe747d0) 
thrown [s\open\src\hotspot\share\interpreter\linkResolver.cpp, line 773]
Event: 2.961 Thread 0x0000017d9c6c9890 Exception <a 'java/lang/NoSuchMethodError'{0x000000070fe7e668}: 'void java.lang.invoke.DelegatingMethodHandle$Holder.reinvoke_L(java.lang.Object, java.lang.Object, long)'> (0x000000070fe7e668) 
thrown [s\open\src\hotspot\share\interpreter\linkResolver.cpp, line 773]
Event: 2.963 Thread 0x0000017d9c6c9890 Exception <a 'java/lang/NoSuchMethodError'{0x000000070fe98360}: 'float java.lang.invoke.DirectMethodHandle$Holder.invokeVirtual(java.lang.Object, java.lang.Object)'> (0x000000070fe98360) 
thrown [s\open\src\hotspot\share\interpreter\linkResolver.cpp, line 773]
Event: 2.963 Thread 0x0000017d9c6c9890 Exception <a 'java/lang/NoSuchMethodError'{0x000000070fe9f248}: 'float java.lang.invoke.DelegatingMethodHandle$Holder.reinvoke_L(java.lang.Object, java.lang.Object)'> (0x000000070fe9f248) 
thrown [s\open\src\hotspot\share\interpreter\linkResolver.cpp, line 773]
Event: 2.964 Thread 0x0000017d9c6c9890 Exception <a 'java/lang/NoSuchMethodError'{0x000000070feb0628}: 'float java.lang.invoke.DelegatingMethodHandle$Holder.reinvoke_L(java.lang.Object, java.lang.Object, int)'> (0x000000070feb0628) 
thrown [s\open\src\hotspot\share\interpreter\linkResolver.cpp, line 773]
Event: 2.965 Thread 0x0000017d9c6c9890 Exception <a 'java/lang/NoSuchMethodError'{0x000000070feba080}: 'void java.lang.invoke.DelegatingMethodHandle$Holder.reinvoke_L(java.lang.Object, java.lang.Object, float)'> (0x000000070feba080) 
thrown [s\open\src\hotspot\share\interpreter\linkResolver.cpp, line 773]
Event: 2.992 Thread 0x0000017d9c6c9890 Exception <a 'java/lang/NoSuchMethodError'{0x000000070fff2b18}: 'java.lang.Object java.lang.invoke.DirectMethodHandle$Holder.newInvokeSpecial(java.lang.Object, java.lang.Object, int, java.lang.Object, java.lang.Object)'> (0x000000070fff2b18) 
thrown [s\open\src\hotspot\share\interpreter\linkResolver.cpp, line 773]
Event: 3.151 Thread 0x0000017d9c6c9890 Exception <a 'java/lang/IncompatibleClassChangeError'{0x00000007124450a0}: Found class java.lang.Object, but interface was expected> (0x00000007124450a0) 
thrown [s\open\src\hotspot\share\interpreter\linkResolver.cpp, line 840]
Event: 3.322 Thread 0x0000017d9c6c9890 Exception <a 'java/lang/NoSuchMethodError'{0x0000000705851698}: 'double java.lang.invoke.DirectMethodHandle$Holder.invokeStatic(java.lang.Object, java.lang.Object, java.lang.Object, long)'> (0x0000000705851698) 
thrown [s\open\src\hotspot\share\interpreter\linkResolver.cpp, line 773]
Event: 3.351 Thread 0x0000017d9c6c9890 Exception <a 'java/lang/NoSuchMethodError'{0x00000007059aadf8}: 'void java.lang.invoke.DirectMethodHandle$Holder.invokeStaticInit(java.lang.Object)'> (0x00000007059aadf8) 
thrown [s\open\src\hotspot\share\interpreter\linkResolver.cpp, line 773]
Event: 3.658 Thread 0x0000017d84c7e7d0 Exception <a 'java/lang/NoSuchMethodError'{0x00000007044e7c40}: 'java.lang.Object java.lang.invoke.DirectMethodHandle$Holder.newInvokeSpecial(java.lang.Object, java.lang.Object, long)'> (0x00000007044e7c40) 
thrown [s\open\src\hotspot\share\interpreter\linkResolver.cpp, line 773]
Event: 3.659 Thread 0x0000017d84c7e7d0 Exception <a 'java/lang/NoSuchMethodError'{0x00000007044eb328}: 'java.lang.Object java.lang.invoke.Invokers$Holder.linkToTargetMethod(java.lang.Object, long, java.lang.Object)'> (0x00000007044eb328) 
thrown [s\open\src\hotspot\share\interpreter\linkResolver.cpp, line 773]
Event: 3.840 Thread 0x0000017d84c7e7d0 Implicit null exception at 0x0000017dac7f9022 to 0x0000017dac7f934c
Event: 6.895 Thread 0x0000017d84c7e7d0 Exception <a 'java/lang/NoSuchMethodError'{0x000000070fd226c0}: 'java.lang.Object java.lang.invoke.DirectMethodHandle$Holder.invokeVirtual(java.lang.Object, java.lang.Object, int)'> (0x000000070fd226c0) 
thrown [s\open\src\hotspot\share\interpreter\linkResolver.cpp, line 773]
Event: 6.897 Thread 0x0000017d84c7e7d0 Implicit null exception at 0x0000017dac626aa0 to 0x0000017dac62710c
Event: 7.416 Thread 0x0000017d84c7e7d0 Exception <a 'java/lang/NoSuchMethodError'{0x000000070fdd0378}: 'java.lang.Object java.lang.invoke.DirectMethodHandle$Holder.newInvokeSpecial(java.lang.Object, int, java.lang.Object, java.lang.Object)'> (0x000000070fdd0378) 
thrown [s\open\src\hotspot\share\interpreter\linkResolver.cpp, line 773]
Event: 481.904 Thread 0x0000017dfe148f30 Exception <a 'java/lang/NoSuchMethodError'{0x000000070a5b0648}: 'java.lang.Object java.lang.invoke.DirectMethodHandle$Holder.invokeSpecial(java.lang.Object, java.lang.Object, java.lang.Object, java.lang.Object, java.lang.Object, long)'> (0x000000070a5b0648) 
thrown [s\open\src\hotspot\share\interpreter\linkResolver.cpp, line 773]
Event: 481.904 Thread 0x0000017dfe148f30 Exception <a 'java/lang/NoSuchMethodError'{0x000000070a5b3dc0}: 'java.lang.Object java.lang.invoke.Invokers$Holder.linkToTargetMethod(java.lang.Object, java.lang.Object, java.lang.Object, long, java.lang.Object)'> (0x000000070a5b3dc0) 
thrown [s\open\src\hotspot\share\interpreter\linkResolver.cpp, line 773]
Event: 481.960 Thread 0x0000017dfe148f30 Exception <a 'java/lang/NoSuchMethodError'{0x000000070a364868}: 'java.lang.Object java.lang.invoke.DirectMethodHandle$Holder.invokeStatic(java.lang.Object, int, int)'> (0x000000070a364868) 
thrown [s\open\src\hotspot\share\interpreter\linkResolver.cpp, line 773]

ZGC Phase Switch (0 events):
No events

VM Operations (20 events):
Event: 569.194 Executing VM operation: Cleanup
Event: 569.194 Executing VM operation: Cleanup done
Event: 571.219 Executing VM operation: Cleanup
Event: 571.219 Executing VM operation: Cleanup done
Event: 586.358 Executing VM operation: Cleanup
Event: 586.358 Executing VM operation: Cleanup done
Event: 588.373 Executing VM operation: Cleanup
Event: 588.374 Executing VM operation: Cleanup done
Event: 601.389 Executing VM operation: HandshakeAllThreads (HandshakeForDeflation)
Event: 601.389 Executing VM operation: HandshakeAllThreads (HandshakeForDeflation) done
Event: 601.389 Executing VM operation: RendezvousGCThreads
Event: 601.389 Executing VM operation: RendezvousGCThreads done
Event: 604.416 Executing VM operation: Cleanup
Event: 604.416 Executing VM operation: Cleanup done
Event: 611.474 Executing VM operation: Cleanup
Event: 611.474 Executing VM operation: Cleanup done
Event: 617.537 Executing VM operation: Cleanup
Event: 617.537 Executing VM operation: Cleanup done
Event: 629.717 Executing VM operation: Cleanup
Event: 629.717 Executing VM operation: Cleanup done

Events (20 events):
Event: 3.143 Thread 0x0000017dbb3b3450 flushing nmethod 0x0000017dac628890
Event: 3.143 Thread 0x0000017dbb3b3450 flushing nmethod 0x0000017dac615810
Event: 3.143 Thread 0x0000017dbb3b3450 flushing nmethod 0x0000017dac615210
Event: 3.143 Thread 0x0000017dbb3b3450 flushing nmethod 0x0000017dac623b90
Event: 3.143 Thread 0x0000017dbb3b3450 flushing nmethod 0x0000017dac61ab90
Event: 3.143 Thread 0x0000017dbb3b3450 flushing nmethod 0x0000017dac619890
Event: 3.143 Thread 0x0000017dbb3b3450 flushing nmethod 0x0000017dac618990
Event: 3.143 Thread 0x0000017dbb3b3450 flushing nmethod 0x0000017dac617e90
Event: 3.143 Thread 0x0000017dbb3b3450 flushing nmethod 0x0000017dac617590
Event: 3.143 Thread 0x0000017dbb3b3450 flushing nmethod 0x0000017dac60bb10
Event: 3.143 Thread 0x0000017dbb3b3450 flushing nmethod 0x0000017dac601490
Event: 3.350 Thread 0x0000017d84c7c070 Thread added: 0x0000017d84c7c070
Event: 3.353 Thread 0x0000017d84c7e7d0 Thread added: 0x0000017d84c7e7d0
Event: 3.365 Thread 0x0000017d9c6c9890 Thread exited: 0x0000017d9c6c9890
Event: 3.365 Thread 0x0000017d84c7f4f0 Thread added: 0x0000017d84c7f4f0
Event: 3.845 Thread 0x0000017d84c7fb80 Thread added: 0x0000017d84c7fb80
Event: 4.090 Thread 0x0000017dfe5e97b0 Thread exited: 0x0000017dfe5e97b0
Event: 4.090 Thread 0x0000017dfd238450 Thread exited: 0x0000017dfd238450
Event: 481.992 Thread 0x0000017d85d79040 Thread added: 0x0000017d85d79040
Event: 483.159 Thread 0x0000017d85d79040 Thread exited: 0x0000017d85d79040


Dynamic libraries:
0x00007ff7ac330000 - 0x00007ff7ac340000 	C:\Program Files\Java\jdk-21\bin\java.exe
0x00007ffa60dc0000 - 0x00007ffa61027000 	C:\WINDOWS\SYSTEM32\ntdll.dll
0x00007ffa60a90000 - 0x00007ffa60b59000 	C:\WINDOWS\System32\KERNEL32.DLL
0x00007ffa5e200000 - 0x00007ffa5e5ef000 	C:\WINDOWS\System32\KERNELBASE.dll
0x00007ffa5e980000 - 0x00007ffa5eacb000 	C:\WINDOWS\System32\ucrtbase.dll
0x00007ffa58e60000 - 0x00007ffa58e79000 	C:\Program Files\Java\jdk-21\bin\jli.dll
0x00007ffa58e20000 - 0x00007ffa58e3b000 	C:\Program Files\Java\jdk-21\bin\VCRUNTIME140.dll
0x00007ffa60180000 - 0x00007ffa60234000 	C:\WINDOWS\System32\ADVAPI32.dll
0x00007ffa5fb30000 - 0x00007ffa5fbd9000 	C:\WINDOWS\System32\msvcrt.dll
0x00007ffa60b60000 - 0x00007ffa60c06000 	C:\WINDOWS\System32\sechost.dll
0x00007ffa5f8a0000 - 0x00007ffa5f9b8000 	C:\WINDOWS\System32\RPCRT4.dll
0x00007ffa5f4d0000 - 0x00007ffa5f695000 	C:\WINDOWS\System32\USER32.dll
0x00007ffa5e600000 - 0x00007ffa5e627000 	C:\WINDOWS\System32\win32u.dll
0x00007ffa462b0000 - 0x00007ffa46543000 	C:\WINDOWS\WinSxS\amd64_microsoft.windows.common-controls_6595b64144ccf1df_6.0.26100.7309_none_3e05feeae336a044\COMCTL32.dll
0x00007ffa5fbe0000 - 0x00007ffa5fc0b000 	C:\WINDOWS\System32\GDI32.dll
0x00007ffa5e6e0000 - 0x00007ffa5e80c000 	C:\WINDOWS\System32\gdi32full.dll
0x00007ffa5e8d0000 - 0x00007ffa5e973000 	C:\WINDOWS\System32\msvcp_win.dll
0x00007ffa580a0000 - 0x00007ffa580ab000 	C:\WINDOWS\SYSTEM32\VERSION.dll
0x00007ffa5f110000 - 0x00007ffa5f141000 	C:\WINDOWS\System32\IMM32.DLL
0x00007ffa590d0000 - 0x00007ffa590dc000 	C:\Program Files\Java\jdk-21\bin\vcruntime140_1.dll
0x00007ffa3f470000 - 0x00007ffa3f4fe000 	C:\Program Files\Java\jdk-21\bin\msvcp140.dll
0x00007ff9763c0000 - 0x00007ff9770d7000 	C:\Program Files\Java\jdk-21\bin\server\jvm.dll
0x00007ffa609c0000 - 0x00007ffa60a34000 	C:\WINDOWS\System32\WS2_32.dll
0x00007ffa5dd70000 - 0x00007ffa5ddce000 	C:\WINDOWS\SYSTEM32\POWRPROF.dll
0x00007ffa528b0000 - 0x00007ffa528e5000 	C:\WINDOWS\SYSTEM32\WINMM.dll
0x00007ffa5dd50000 - 0x00007ffa5dd64000 	C:\WINDOWS\SYSTEM32\UMPDC.dll
0x00007ffa5cc50000 - 0x00007ffa5cc6b000 	C:\WINDOWS\SYSTEM32\kernel.appcore.dll
0x00007ffa58df0000 - 0x00007ffa58dfa000 	C:\Program Files\Java\jdk-21\bin\jimage.dll
0x00007ffa48dd0000 - 0x00007ffa49012000 	C:\WINDOWS\SYSTEM32\DBGHELP.DLL
0x00007ffa5eb60000 - 0x00007ffa5eee5000 	C:\WINDOWS\System32\combase.dll
0x00007ffa5f6a0000 - 0x00007ffa5f776000 	C:\WINDOWS\System32\OLEAUT32.dll
0x00007ffa46840000 - 0x00007ffa4687c000 	C:\WINDOWS\SYSTEM32\dbgcore.DLL
0x00007ffa5e630000 - 0x00007ffa5e6d5000 	C:\WINDOWS\System32\bcryptPrimitives.dll
0x00007ffa58de0000 - 0x00007ffa58def000 	C:\Program Files\Java\jdk-21\bin\instrument.dll
0x00007ffa46930000 - 0x00007ffa4694f000 	C:\Program Files\Java\jdk-21\bin\java.dll
0x00007ffa60260000 - 0x00007ffa609b3000 	C:\WINDOWS\System32\SHELL32.dll
0x00007ffa5df10000 - 0x00007ffa5e07a000 	C:\WINDOWS\System32\wintypes.dll
0x00007ffa5bac0000 - 0x00007ffa5c31e000 	C:\WINDOWS\SYSTEM32\windows.storage.dll
0x00007ffa5f7a0000 - 0x00007ffa5f895000 	C:\WINDOWS\System32\SHCORE.dll
0x00007ffa5f0a0000 - 0x00007ffa5f106000 	C:\WINDOWS\System32\shlwapi.dll
0x00007ffa5de30000 - 0x00007ffa5de59000 	C:\WINDOWS\SYSTEM32\profapi.dll
0x00007ffa359e0000 - 0x00007ffa35ab7000 	C:\Program Files\Java\jdk-21\bin\jsvml.dll
0x00007ffa3f730000 - 0x00007ffa3f748000 	C:\Program Files\Java\jdk-21\bin\zip.dll
0x00007ffa433b0000 - 0x00007ffa433c0000 	C:\Program Files\Java\jdk-21\bin\net.dll
0x00007ffa57540000 - 0x00007ffa57668000 	C:\WINDOWS\SYSTEM32\WINHTTP.dll
0x00007ffa5d1a0000 - 0x00007ffa5d20b000 	C:\WINDOWS\system32\mswsock.dll
0x00007ffa43390000 - 0x00007ffa433a6000 	C:\Program Files\Java\jdk-21\bin\nio.dll
0x00007ffa43380000 - 0x00007ffa43389000 	C:\Program Files\Java\jdk-21\bin\extnet.dll
0x00007ffa3f720000 - 0x00007ffa3f72e000 	C:\Program Files\Java\jdk-21\bin\sunmscapi.dll
0x00007ffa5e080000 - 0x00007ffa5e1f7000 	C:\WINDOWS\System32\CRYPT32.dll
0x00007ffa5d710000 - 0x00007ffa5d740000 	C:\WINDOWS\SYSTEM32\ncrypt.dll
0x00007ffa5d6c0000 - 0x00007ffa5d6ff000 	C:\WINDOWS\SYSTEM32\NTASN1.dll
0x00007ffa5d590000 - 0x00007ffa5d5ab000 	C:\WINDOWS\SYSTEM32\CRYPTSP.dll
0x00007ffa5cbb0000 - 0x00007ffa5cbea000 	C:\WINDOWS\system32\rsaenh.dll
0x00007ffa5d250000 - 0x00007ffa5d27b000 	C:\WINDOWS\SYSTEM32\USERENV.dll
0x00007ffa5de00000 - 0x00007ffa5de2a000 	C:\WINDOWS\SYSTEM32\bcrypt.dll
0x00007ffa5d3f0000 - 0x00007ffa5d3fc000 	C:\WINDOWS\SYSTEM32\CRYPTBASE.dll
0x00007ffa5c640000 - 0x00007ffa5c674000 	C:\WINDOWS\SYSTEM32\IPHLPAPI.DLL
0x00007ffa5f090000 - 0x00007ffa5f09a000 	C:\WINDOWS\System32\NSI.dll
0x00007ffa3f710000 - 0x00007ffa3f71a000 	C:\Program Files\Java\jdk-21\bin\management.dll
0x00007ffa3f680000 - 0x00007ffa3f68b000 	C:\Program Files\Java\jdk-21\bin\management_ext.dll
0x00007ffa5f430000 - 0x00007ffa5f438000 	C:\WINDOWS\System32\PSAPI.DLL
0x00007ffa43430000 - 0x00007ffa43438000 	C:\WINDOWS\system32\wshunix.dll
0x00007ffa5c680000 - 0x00007ffa5c7ac000 	C:\WINDOWS\SYSTEM32\DNSAPI.dll
0x00007ffa57830000 - 0x00007ffa5783b000 	C:\Windows\System32\rasadhlp.dll
0x00007ffa53540000 - 0x00007ffa535c6000 	C:\WINDOWS\System32\fwpuclnt.dll

dbghelp: loaded successfully - version: 4.0.5 - missing functions: none
symbol engine: initialized successfully - sym options: 0x614 - pdb path: .;C:\Program Files\Java\jdk-21\bin;C:\WINDOWS\SYSTEM32;C:\WINDOWS\WinSxS\amd64_microsoft.windows.common-controls_6595b64144ccf1df_6.0.26100.7309_none_3e05feeae336a044;C:\Program Files\Java\jdk-21\bin\server

VM Arguments:
jvm_args: -javaagent:C:\Program Files\JetBrains\IntelliJ IDEA Community Edition 2025.2.4\lib\idea_rt.jar=61617 -Dfile.encoding=UTF-8 -Dsun.stdout.encoding=UTF-8 -Dsun.stderr.encoding=UTF-8 
java_command: com.bank.transfer.TransferApplication
java_class_path (initial): C:\Users\stran\Documents\Curso API\transfer\target\classes;C:\Users\stran\.m2\repository\org\springframework\boot\spring-boot-starter-validation\3.3.5\spring-boot-starter-validation-3.3.5.jar;C:\Users\stran\.m2\repository\org\springframework\boot\spring-boot-starter\3.3.5\spring-boot-starter-3.3.5.jar;C:\Users\stran\.m2\repository\org\springframework\boot\spring-boot\3.3.5\spring-boot-3.3.5.jar;C:\Users\stran\.m2\repository\org\springframework\boot\spring-boot-autoconfigure\3.3.5\spring-boot-autoconfigure-3.3.5.jar;C:\Users\stran\.m2\repository\org\springframework\boot\spring-boot-starter-logging\3.3.5\spring-boot-starter-logging-3.3.5.jar;C:\Users\stran\.m2\repository\org\apache\logging\log4j\log4j-to-slf4j\2.23.1\log4j-to-slf4j-2.23.1.jar;C:\Users\stran\.m2\repository\org\apache\logging\log4j\log4j-api\2.23.1\log4j-api-2.23.1.jar;C:\Users\stran\.m2\repository\org\slf4j\jul-to-slf4j\2.0.16\jul-to-slf4j-2.0.16.jar;C:\Users\stran\.m2\repository\jakarta\annotation\jakarta.annotation-api\2.1.1\jakarta.annotation-api-2.1.1.jar;C:\Users\stran\.m2\repository\org\yaml\snakeyaml\2.2\snakeyaml-2.2.jar;C:\Users\stran\.m2\repository\org\apache\tomcat\embed\tomcat-embed-el\10.1.31\tomcat-embed-el-10.1.31.jar;C:\Users\stran\.m2\repository\org\hibernate\validator\hibernate-validator\8.0.1.Final\hibernate-validator-8.0.1.Final.jar;C:\Users\stran\.m2\repository\jakarta\validation\jakarta.validation-api\3.0.2\jakarta.validation-api-3.0.2.jar;C:\Users\stran\.m2\repository\org\jboss\logging\jboss-logging\3.5.3.Final\jboss-logging-3.5.3.Final.jar;C:\Users\stran\.m2\repository\com\fasterxml\classmate\1.7.0\classmate-1.7.0.jar;C:\Users\stran\.m2\repository\org\springframework\boot\spring-boot-starter-web\3.3.5\spring-boot-starter-web-3.3.5.jar;C:\Users\stran\.m2\repository\org\springframework\boot\spring-boot-starter-json\3.3.5\spring-boot-starter-json-3.3.5.jar;C:\Users\stran\.m2\repository\com\fasterxml\jackson\core\jackson-databind\2.17.2\jackson-databind-2.17.2.jar;C:\Users\stran\.m2\repository\com\fasterxml\jackson\core\jackson-annotations\2.17.2\jackson-annotations-2.17.2.jar;C:\Users\stran\.m2\repository\com\fasterxml\jackson\core\jackson-core\2.17.2\jackson-core-2.17.2.jar;C:\Users\stran\.m2\repository\com\fasterxml\jackson\datatype\jackson-datatype-jdk8\2.17.2\jackson-datatype-jdk8-2.17.2.jar;C:\Users\stran\.m2\repository\com\fasterxml\jackson\datatype\jackson-datatype-jsr310\2.17.2\jackson-datatype-jsr310-2.17.2.jar;C:\Users\stran\.m2\repository\com\fasterxml\jackson\module\jackson-module-parameter-names\2.17.2\jackson-module-parameter-names-2.17.2.jar;C:\Users\stran\.m2\repository\org\springframework\boot\spring-boot-starter-tomcat\3.3.5\spring-boot-starter-tomcat-3.3.5.jar;C:\Users\stran\.m2\repository\org\apache\tomcat\embed\tomcat-embed-core\10.1.31\tomcat-embed-core-10.1.31.jar;C:\Users\stran\.m2\repository\org\apache\tomcat\embed\tomcat-embed-websocket\10.1.31\tomcat-embed-websocket-10.1.31.jar;C:\Users\stran\.m2\repository\org\springframework\spring-web\6.1.14\spring-web-6.1.14.jar;C:\Users\stran\.m2\repository\org\springframework\spring-beans\6.1.14\spring-beans-6.1.14.jar;C:\Users\stran\.m2\repository\org\springframework\spring-webmvc\6.1.14\spring-webmvc-6.1.14.jar;C:\Users\stran\.m2\repository\org\springframework\spring-aop\6.1.14\spring-aop-6.1.14.jar;C:\Users\stran\.m2\repository\org\springframework\spring-expression\6.1.14\spring-expression-6.1.14.jar;C:\Users\stran\.m2\repository\org\springframework\kafka\spring-kafka\3.2.4\spring-kafka-3.2.4.jar;C:\Users\stran\.m2\repository\org\springframework\spring-context\6.1.14\spring-context-6.1.14.jar;C:\Users\stran\.m2\repository\org\springframework\spring-messaging\6.1.14\spring-messaging-6.1.14.jar;C:\Users\stran\.m2\repository\org\springframework\spring-tx\6.1.14\spring-tx-6.1.14.jar;C:\Users\stran\.m2\repository\org\springframework\retry\spring-retry\2.0.10\spring-retry-2.0.10.jar;C:\Users\stran\.m2\repository\org\apache\kafka\kafka-clients\3.7.1\kafka-clients-3.7.1.jar;C:\Users\stran\.m2\repository\com\github\luben\zstd-jni\1.5.6-3\zstd-jni-1.5.6-3.jar;C:\Users\stran\.m2\repository\org\lz4\lz4-java\1.8.0\lz4-java-1.8.0.jar;C:\Users\stran\.m2\repository\org\xerial\snappy\snappy-java\1.1.10.5\snappy-java-1.1.10.5.jar;C:\Users\stran\.m2\repository\org\slf4j\slf4j-api\2.0.16\slf4j-api-2.0.16.jar;C:\Users\stran\.m2\repository\io\micrometer\micrometer-observation\1.13.6\micrometer-observation-1.13.6.jar;C:\Users\stran\.m2\repository\io\micrometer\micrometer-commons\1.13.6\micrometer-commons-1.13.6.jar;C:\Users\stran\.m2\repository\org\projectlombok\lombok\1.18.34\lombok-1.18.34.jar;C:\Users\stran\.m2\repository\org\springframework\spring-core\6.1.14\spring-core-6.1.14.jar;C:\Users\stran\.m2\repository\org\springframework\spring-jcl\6.1.14\spring-jcl-6.1.14.jar;C:\Users\stran\.m2\repository\ch\qos\logback\logback-core\1.5.11\logback-core-1.5.11.jar;C:\Users\stran\.m2\repository\ch\qos\logback\logback-classic\1.5.11\logback-classic-1.5.11.jar
Launcher Type: SUN_STANDARD

[Global flags]
     intx CICompilerCount                          = 4                                         {product} {ergonomic}
     uint ConcGCThreads                            = 3                                         {product} {ergonomic}
     uint G1ConcRefinementThreads                  = 10                                        {product} {ergonomic}
   size_t G1HeapRegionSize                         = 2097152                                   {product} {ergonomic}
    uintx GCDrainStackTargetSize                   = 64                                        {product} {ergonomic}
   size_t InitialHeapSize                          = 266338304                                 {product} {ergonomic}
   size_t MarkStackSize                            = 4194304                                   {product} {ergonomic}
   size_t MaxHeapSize                              = 4253024256                                {product} {ergonomic}
   size_t MaxNewSize                               = 2550136832                                {product} {ergonomic}
   size_t MinHeapDeltaBytes                        = 2097152                                   {product} {ergonomic}
   size_t MinHeapSize                              = 8388608                                   {product} {ergonomic}
    uintx NonNMethodCodeHeapSize                   = 5839372                                {pd product} {ergonomic}
    uintx NonProfiledCodeHeapSize                  = 122909434                              {pd product} {ergonomic}
    uintx ProfiledCodeHeapSize                     = 122909434                              {pd product} {ergonomic}
    uintx ReservedCodeCacheSize                    = 251658240                              {pd product} {ergonomic}
     bool SegmentedCodeCache                       = true                                      {product} {ergonomic}
   size_t SoftMaxHeapSize                          = 4253024256                             {manageable} {ergonomic}
     bool UseCompressedOops                        = true                           {product lp64_product} {ergonomic}
     bool UseG1GC                                  = true                                      {product} {ergonomic}
     bool UseLargePagesIndividualAllocation        = false                                  {pd product} {ergonomic}

Logging:
Log output configuration:
 #0: stdout all=warning uptime,level,tags foldmultilines=false
 #1: stderr all=off uptime,level,tags foldmultilines=false

Environment Variables:
JAVA_HOME=C:\Program Files\Java\jdk-21
PATH=C:\Program Files\Common Files\Oracle\Java\javapath;C:\WINDOWS\system32;C:\WINDOWS;C:\WINDOWS\System32\Wbem;C:\WINDOWS\System32\WindowsPowerShell\v1.0\;C:\WINDOWS\System32\OpenSSH\;C:\Program Files\NVIDIA Corporation\NVIDIA App\NvDLISR;C:\Program Files\Java\jdk-21\bin;;C:\Program Files\Docker\Docker\resources\bin;C:\Program Files (x86)\NVIDIA Corporation\PhysX\Common;C:\Program Files\dotnet\;C:\Program Files\nodejs\;C:\Users\stran\AppData\Local\Microsoft\WindowsApps;C:\Program Files\JetBrains\IntelliJ IDEA Community Edition 2025.2.4\bin;C:\Users\stran\AppData\Roaming\npm;C:\Users\stran\AppData\Local\Python\bin
USERNAME=stran
OS=Windows_NT
PROCESSOR_IDENTIFIER=Intel64 Family 6 Model 151 Stepping 5, GenuineIntel
TMP=C:\Users\stran\AppData\Local\Temp
TEMP=C:\Users\stran\AppData\Local\Temp




Periodic native trim disabled

---------------  S Y S T E M  ---------------

OS:
 Windows 11 , 64 bit Build 26100 (10.0.26100.7309)
OS uptime: 0 days 20:48 hours
Hyper-V role detected

CPU: total 12 (initial active 12) (6 cores per cpu, 2 threads per core) family 6 model 151 stepping 5 microcode 0x34, cx8, cmov, fxsr, ht, mmx, 3dnowpref, sse, sse2, sse3, ssse3, sse4.1, sse4.2, popcnt, lzcnt, tsc, tscinvbit, avx, avx2, aes, erms, clmul, bmi1, bmi2, adx, sha, fma, vzeroupper, clflush, clflushopt, clwb, hv, serialize, rdtscp, rdpid, fsrm, f16c, cet_ibt, cet_ss
Processor Information for all 12 processors :
  Max Mhz: 2500, Current Mhz: 2500, Mhz Limit: 2500

Memory: 4k page, system-wide physical 16223M (1349M free)
TotalPageFile size 41613M (AvailPageFile size 5M)
current process WorkingSet (physical memory assigned to process): 184M, peak: 253M
current process commit charge ("private bytes"): 338M, peak: 409M

vm_info: Java HotSpot(TM) 64-Bit Server VM (21.0.2+13-LTS-58) for windows-amd64 JRE (21.0.2+13-LTS-58), built on 2024-01-05T18:32:24Z by "mach5one" with MS VC++ 17.1 (VS2022)

END.
